This is pdfTeX, Version 3.141592653-2.6-1.40.25 (MiKTeX 24.1) (preloaded format=pdflatex 2024.8.11)  24 NOV 2024 19:24
entering extended mode
 restricted \write18 enabled.
 file:line:error style messages enabled.
 %&-line parsing enabled.
**./paper.tex
(paper.tex
LaTeX2e <2023-11-01> patch level 1
L3 programming layer <2024-01-04>
(C:\Program Files\MiKTeX\tex/latex/ctex\ctexart.cls
(C:\Program Files\MiKTeX\tex/latex/ctex/config\ctexbackend.cfg
File: ctexbackend.cfg 2022/07/14 v2.5.10 Backend configuration file (CTEX)
)
(C:\Program Files\MiKTeX\tex/latex/l3kernel\expl3.sty
Package: expl3 2024-01-04 L3 programming layer (loader) 

(C:\Program Files\MiKTeX\tex/latex/l3backend\l3backend-pdftex.def
File: l3backend-pdftex.def 2024-01-04 L3 backend support: PDF output (pdfTeX)
\l__color_backend_stack_int=\count187
\l__pdf_internal_box=\box51
))
Document Class: ctexart 2022/07/14 v2.5.10 Chinese adapter for class article (C
TEX)
(C:\Program Files\MiKTeX\tex/latex/ctex\ctexhook.sty
Package: ctexhook 2022/07/14 v2.5.10 Document and package hooks (CTEX)
)
(C:\Program Files\MiKTeX\tex/latex/ctex\ctexpatch.sty
Package: ctexpatch 2022/07/14 v2.5.10 Patching commands (CTEX)
)
(C:\Program Files\MiKTeX\tex/latex/base\fix-cm.sty
Package: fix-cm 2020/11/24 v1.1t fixes to LaTeX

(C:\Program Files\MiKTeX\tex/latex/base\ts1enc.def
File: ts1enc.def 2001/06/05 v3.0e (jk/car/fm) Standard LaTeX file
LaTeX Font Info:    Redeclaring font encoding TS1 on input line 47.
))
\l__ctex_tmp_int=\count188
\l__ctex_tmp_box=\box52
\l__ctex_tmp_dim=\dimen140
\g__ctex_section_depth_int=\count189
\g__ctex_font_size_int=\count190

(C:\Program Files\MiKTeX\tex/latex/ctex/config\ctexopts.cfg
File: ctexopts.cfg 2022/07/14 v2.5.10 Option configuration file (CTEX)
)

Class ctexart Warning: UTF8 will be used as the default encoding.

(C:\Program Files\MiKTeX\tex/latex/base\article.cls
Document Class: article 2023/05/17 v1.4n Standard LaTeX document class
(C:\Program Files\MiKTeX\tex/latex/base\size12.clo
File: size12.clo 2023/05/17 v1.4n Standard LaTeX file (size option)
)
\c@part=\count191
\c@section=\count192
\c@subsection=\count193
\c@subsubsection=\count194
\c@paragraph=\count195
\c@subparagraph=\count196
\c@figure=\count197
\c@table=\count198
\abovecaptionskip=\skip48
\belowcaptionskip=\skip49
\bibindent=\dimen141
)
(C:\Program Files\MiKTeX\tex/latex/ctex/engine\ctex-engine-pdftex.def
File: ctex-engine-pdftex.def 2022/07/14 v2.5.10 (pdf)LaTeX adapter (CTEX)

(C:\Program Files\MiKTeX\tex/latex/cjk\CJKutf8.sty
Package: CJKutf8 2021/10/16 4.8.5

(C:\Program Files\MiKTeX\tex/generic/iftex\ifpdf.sty
Package: ifpdf 2019/10/25 v3.4 ifpdf legacy package. Use iftex instead.

(C:\Program Files\MiKTeX\tex/generic/iftex\iftex.sty
Package: iftex 2022/02/03 v1.0f TeX engine tests
))
(C:\Program Files\MiKTeX\tex/latex/base\inputenc.sty
Package: inputenc 2021/02/14 v1.3d Input encoding file
\inpenc@prehook=\toks17
\inpenc@posthook=\toks18
)
(C:\Program Files\MiKTeX\tex/latex/cjk\CJK.sty
Package: CJK 2021/10/16 4.8.5

(C:\Program Files\MiKTeX\tex/latex/cjk/mule\MULEenc.sty
Package: MULEenc 2021/10/16 4.8.5
)
(C:\Program Files\MiKTeX\tex/latex/cjk\CJK.enc
File: CJK.enc 2021/10/16 4.8.5
Now handling font encoding C00 ...
... no UTF-8 mapping file for font encoding C00
Now handling font encoding C05 ...
... no UTF-8 mapping file for font encoding C05
Now handling font encoding C09 ...
... no UTF-8 mapping file for font encoding C09
Now handling font encoding C10 ...
... no UTF-8 mapping file for font encoding C10
Now handling font encoding C20 ...
... no UTF-8 mapping file for font encoding C20
Now handling font encoding C19 ...
... no UTF-8 mapping file for font encoding C19
Now handling font encoding C40 ...
... no UTF-8 mapping file for font encoding C40
Now handling font encoding C42 ...
... no UTF-8 mapping file for font encoding C42
Now handling font encoding C43 ...
... no UTF-8 mapping file for font encoding C43
Now handling font encoding C50 ...
... no UTF-8 mapping file for font encoding C50
Now handling font encoding C52 ...
... no UTF-8 mapping file for font encoding C52
Now handling font encoding C49 ...
... no UTF-8 mapping file for font encoding C49
Now handling font encoding C60 ...
... no UTF-8 mapping file for font encoding C60
Now handling font encoding C61 ...
... no UTF-8 mapping file for font encoding C61
Now handling font encoding C63 ...
... no UTF-8 mapping file for font encoding C63
Now handling font encoding C64 ...
... no UTF-8 mapping file for font encoding C64
Now handling font encoding C65 ...
... no UTF-8 mapping file for font encoding C65
Now handling font encoding C70 ...
... no UTF-8 mapping file for font encoding C70
Now handling font encoding C31 ...
... no UTF-8 mapping file for font encoding C31
Now handling font encoding C32 ...
... no UTF-8 mapping file for font encoding C32
Now handling font encoding C33 ...
... no UTF-8 mapping file for font encoding C33
Now handling font encoding C34 ...
... no UTF-8 mapping file for font encoding C34
Now handling font encoding C35 ...
... no UTF-8 mapping file for font encoding C35
Now handling font encoding C36 ...
... no UTF-8 mapping file for font encoding C36
Now handling font encoding C37 ...
... no UTF-8 mapping file for font encoding C37
Now handling font encoding C80 ...
... no UTF-8 mapping file for font encoding C80
Now handling font encoding C81 ...
... no UTF-8 mapping file for font encoding C81
Now handling font encoding C01 ...
... no UTF-8 mapping file for font encoding C01
Now handling font encoding C11 ...
... no UTF-8 mapping file for font encoding C11
Now handling font encoding C21 ...
... no UTF-8 mapping file for font encoding C21
Now handling font encoding C41 ...
... no UTF-8 mapping file for font encoding C41
Now handling font encoding C62 ...
... no UTF-8 mapping file for font encoding C62
)
\CJK@indent=\box53
)
(C:\Program Files\MiKTeX\tex/latex/base\fontenc.sty
Package: fontenc 2021/04/29 v2.0v Standard LaTeX package
))
(C:\Program Files\MiKTeX\tex/latex/cjkpunct\CJKpunct.sty
Package: CJKpunct 2016/05/14 4.8.4
\CJKpunct@cnta=\count199
\CJKpunct@cntb=\count266
\CJKpunct@cntc=\count267
\CJKpunct@cntd=\count268
\CJKpunct@cnte=\count269
   defining Unicode char U+2018 (decimal 8216)
   defining Unicode char U+2019 (decimal 8217)
   defining Unicode char U+201C (decimal 8220)
   defining Unicode char U+201D (decimal 8221)
   defining Unicode char U+2014 (decimal 8212)
   defining Unicode char U+2026 (decimal 8230)

(C:\Program Files\MiKTeX\tex/latex/cjkpunct\CJKpunct.spa))
(C:\Program Files\MiKTeX\tex/latex/cjk\CJKspace.sty
Package: CJKspace 2021/10/16 3.8.0
)
(C:\Program Files\MiKTeX\tex/latex/cjk/UTF8\UTF8.bdg
File: UTF8.bdg 2021/10/16 4.8.5
)
(C:\Program Files\MiKTeX\tex/latex/ctex\ctexspa.def
File: ctexspa.def 2022/07/14 v2.5.10 Space info for CJKpunct (CTEX)
)
\ccwd=\dimen142
\l__ctex_ccglue_skip=\skip50
)
\l__ctex_ziju_dim=\dimen143

(C:\Program Files\MiKTeX\tex/latex/zhnumber\zhnumber.sty
Package: zhnumber 2022/07/14 v3.0 Typesetting numbers with Chinese glyphs
\l__zhnum_scale_int=\count270
\l__zhnum_tmp_int=\count271

(C:\Program Files\MiKTeX\tex/latex/zhnumber\zhnumber-utf8.cfg
File: zhnumber-utf8.cfg 2022/07/14 v3.0 Chinese numerals with UTF8 encoding
))
\l__ctex_heading_skip=\skip51

(C:\Program Files\MiKTeX\tex/latex/ctex/scheme\ctex-scheme-chinese-article.def
File: ctex-scheme-chinese-article.def 2022/07/14 v2.5.10 Chinese scheme for art
icle (CTEX)

(C:\Program Files\MiKTeX\tex/latex/ctex/config\ctex-name-utf8.cfg
File: ctex-name-utf8.cfg 2022/07/14 v2.5.10 Caption with encoding UTF-8 (CTEX)
))
(C:\Program Files\MiKTeX\tex/latex/ctex/fontset\ctex-fontset-windows.def
File: ctex-fontset-windows.def 2022/07/14 v2.5.10 Windows fonts definition (CTE
X)
))
(C:\Program Files\MiKTeX\tex/latex/ctex/config\ctex.cfg
File: ctex.cfg 2022/07/14 v2.5.10 Configuration file (CTEX)
)
(C:\Program Files\MiKTeX\tex/latex/amsmath\amsmath.sty
Package: amsmath 2023/05/13 v2.17o AMS math features
\@mathmargin=\skip52

For additional information on amsmath, use the `?' option.
(C:\Program Files\MiKTeX\tex/latex/amsmath\amstext.sty
Package: amstext 2021/08/26 v2.01 AMS text

(C:\Program Files\MiKTeX\tex/latex/amsmath\amsgen.sty
File: amsgen.sty 1999/11/30 v2.0 generic functions
\@emptytoks=\toks19
\ex@=\dimen144
))
(C:\Program Files\MiKTeX\tex/latex/amsmath\amsbsy.sty
Package: amsbsy 1999/11/29 v1.2d Bold Symbols
\pmbraise@=\dimen145
)
(C:\Program Files\MiKTeX\tex/latex/amsmath\amsopn.sty
Package: amsopn 2022/04/08 v2.04 operator names
)
\inf@bad=\count272
LaTeX Info: Redefining \frac on input line 234.
\uproot@=\count273
\leftroot@=\count274
LaTeX Info: Redefining \overline on input line 399.
LaTeX Info: Redefining \colon on input line 410.
\classnum@=\count275
\DOTSCASE@=\count276
LaTeX Info: Redefining \ldots on input line 496.
LaTeX Info: Redefining \dots on input line 499.
LaTeX Info: Redefining \cdots on input line 620.
\Mathstrutbox@=\box54
\strutbox@=\box55
LaTeX Info: Redefining \big on input line 722.
LaTeX Info: Redefining \Big on input line 723.
LaTeX Info: Redefining \bigg on input line 724.
LaTeX Info: Redefining \Bigg on input line 725.
\big@size=\dimen146
LaTeX Font Info:    Redeclaring font encoding OML on input line 743.
LaTeX Font Info:    Redeclaring font encoding OMS on input line 744.
\macc@depth=\count277
LaTeX Info: Redefining \bmod on input line 905.
LaTeX Info: Redefining \pmod on input line 910.
LaTeX Info: Redefining \smash on input line 940.
LaTeX Info: Redefining \relbar on input line 970.
LaTeX Info: Redefining \Relbar on input line 971.
\c@MaxMatrixCols=\count278
\dotsspace@=\muskip16
\c@parentequation=\count279
\dspbrk@lvl=\count280
\tag@help=\toks20
\row@=\count281
\column@=\count282
\maxfields@=\count283
\andhelp@=\toks21
\eqnshift@=\dimen147
\alignsep@=\dimen148
\tagshift@=\dimen149
\tagwidth@=\dimen150
\totwidth@=\dimen151
\lineht@=\dimen152
\@envbody=\toks22
\multlinegap=\skip53
\multlinetaggap=\skip54
\mathdisplay@stack=\toks23
LaTeX Info: Redefining \[ on input line 2953.
LaTeX Info: Redefining \] on input line 2954.
)
(C:\Program Files\MiKTeX\tex/latex/amscls\amsthm.sty
Package: amsthm 2020/05/29 v2.20.6
\thm@style=\toks24
\thm@bodyfont=\toks25
\thm@headfont=\toks26
\thm@notefont=\toks27
\thm@headpunct=\toks28
\thm@preskip=\skip55
\thm@postskip=\skip56
\thm@headsep=\skip57
\dth@everypar=\toks29
)
(C:\Program Files\MiKTeX\tex/latex/amsfonts\amssymb.sty
Package: amssymb 2013/01/14 v3.01 AMS font symbols

(C:\Program Files\MiKTeX\tex/latex/amsfonts\amsfonts.sty
Package: amsfonts 2013/01/14 v3.01 Basic AMSFonts support
\symAMSa=\mathgroup4
\symAMSb=\mathgroup5
LaTeX Font Info:    Redeclaring math symbol \hbar on input line 98.
LaTeX Font Info:    Overwriting math alphabet `\mathfrak' in version `bold'
(Font)                  U/euf/m/n --> U/euf/b/n on input line 106.
))
(C:\Program Files\MiKTeX\tex/latex/appendix\appendix.sty
Package: appendix 2020/02/08 v1.2c extra appendix facilities
\c@@pps=\count284
\c@@ppsavesec=\count285
\c@@ppsaveapp=\count286
)
(C:\Program Files\MiKTeX\tex/latex/tools\bm.sty
Package: bm 2023/07/08 v1.2f Bold Symbol Support (DPC/FMi)
\symboldoperators=\mathgroup6
\symboldletters=\mathgroup7
\symboldsymbols=\mathgroup8
Package bm Info: No bold for \OMX/cmex/m/n, using \pmb.
Package bm Info: No bold for \U/msa/m/n, using \pmb.
Package bm Info: No bold for \U/msb/m/n, using \pmb.
LaTeX Font Info:    Redeclaring math alphabet \mathbf on input line 149.
)
(C:\Program Files\MiKTeX\tex/latex/graphics\graphicx.sty
Package: graphicx 2021/09/16 v1.2d Enhanced LaTeX Graphics (DPC,SPQR)

(C:\Program Files\MiKTeX\tex/latex/graphics\keyval.sty
Package: keyval 2022/05/29 v1.15 key=value parser (DPC)
\KV@toks@=\toks30
)
(C:\Program Files\MiKTeX\tex/latex/graphics\graphics.sty
Package: graphics 2022/03/10 v1.4e Standard LaTeX Graphics (DPC,SPQR)

(C:\Program Files\MiKTeX\tex/latex/graphics\trig.sty
Package: trig 2021/08/11 v1.11 sin cos tan (DPC)
)
(C:\Program Files\MiKTeX\tex/latex/graphics-cfg\graphics.cfg
File: graphics.cfg 2016/06/04 v1.11 sample graphics configuration
)
Package graphics Info: Driver file: pdftex.def on input line 107.

(C:\Program Files\MiKTeX\tex/latex/graphics-def\pdftex.def
File: pdftex.def 2022/09/22 v1.2b Graphics/color driver for pdftex
))
\Gin@req@height=\dimen153
\Gin@req@width=\dimen154
)
(C:\Program Files\MiKTeX\tex/latex/hyperref\hyperref.sty
Package: hyperref 2023-11-26 v7.01g Hypertext links for LaTeX

(C:\Program Files\MiKTeX\tex/generic/infwarerr\infwarerr.sty
Package: infwarerr 2019/12/03 v1.5 Providing info/warning/error messages (HO)
)
(C:\Program Files\MiKTeX\tex/latex/kvsetkeys\kvsetkeys.sty
Package: kvsetkeys 2022-10-05 v1.19 Key value parser (HO)
)
(C:\Program Files\MiKTeX\tex/generic/kvdefinekeys\kvdefinekeys.sty
Package: kvdefinekeys 2019-12-19 v1.6 Define keys (HO)
)
(C:\Program Files\MiKTeX\tex/generic/pdfescape\pdfescape.sty
Package: pdfescape 2019/12/09 v1.15 Implements pdfTeX's escape features (HO)

(C:\Program Files\MiKTeX\tex/generic/ltxcmds\ltxcmds.sty
Package: ltxcmds 2023-12-04 v1.26 LaTeX kernel commands for general use (HO)
)
(C:\Program Files\MiKTeX\tex/generic/pdftexcmds\pdftexcmds.sty
Package: pdftexcmds 2020-06-27 v0.33 Utility functions of pdfTeX for LuaTeX (HO
)
Package pdftexcmds Info: \pdf@primitive is available.
Package pdftexcmds Info: \pdf@ifprimitive is available.
Package pdftexcmds Info: \pdfdraftmode found.
))
(C:\Program Files\MiKTeX\tex/latex/hycolor\hycolor.sty
Package: hycolor 2020-01-27 v1.10 Color options for hyperref/bookmark (HO)
)
(C:\Program Files\MiKTeX\tex/latex/letltxmacro\letltxmacro.sty
Package: letltxmacro 2019/12/03 v1.6 Let assignment for LaTeX macros (HO)
)
(C:\Program Files\MiKTeX\tex/latex/auxhook\auxhook.sty
Package: auxhook 2019-12-17 v1.6 Hooks for auxiliary files (HO)
)
(C:\Program Files\MiKTeX\tex/latex/hyperref\nameref.sty
Package: nameref 2023-11-26 v2.56 Cross-referencing by name of section

(C:\Program Files\MiKTeX\tex/latex/refcount\refcount.sty
Package: refcount 2019/12/15 v3.6 Data extraction from label references (HO)
)
(C:\Program Files\MiKTeX\tex/generic/gettitlestring\gettitlestring.sty
Package: gettitlestring 2019/12/15 v1.6 Cleanup title references (HO)

(C:\Program Files\MiKTeX\tex/latex/kvoptions\kvoptions.sty
Package: kvoptions 2022-06-15 v3.15 Key value format for package options (HO)
))
\c@section@level=\count287
)
(C:\Program Files\MiKTeX\tex/latex/etoolbox\etoolbox.sty
Package: etoolbox 2020/10/05 v2.5k e-TeX tools for LaTeX (JAW)
\etb@tempcnta=\count288
)
\@linkdim=\dimen155
\Hy@linkcounter=\count289
\Hy@pagecounter=\count290

(C:\Program Files\MiKTeX\tex/latex/hyperref\pd1enc.def
File: pd1enc.def 2023-11-26 v7.01g Hyperref: PDFDocEncoding definition (HO)
Now handling font encoding PD1 ...
... no UTF-8 mapping file for font encoding PD1
)
(C:\Program Files\MiKTeX\tex/generic/intcalc\intcalc.sty
Package: intcalc 2019/12/15 v1.3 Expandable calculations with integers (HO)
)
\Hy@SavedSpaceFactor=\count291

(C:\Program Files\MiKTeX\tex/latex/hyperref\puenc.def
File: puenc.def 2023-11-26 v7.01g Hyperref: PDF Unicode definition (HO)
Now handling font encoding PU ...
... no UTF-8 mapping file for font encoding PU
)
Package hyperref Info: Option `unicode' set `true' on input line 4064.
Package hyperref Info: Hyper figures OFF on input line 4181.
Package hyperref Info: Link nesting OFF on input line 4186.
Package hyperref Info: Hyper index ON on input line 4189.
Package hyperref Info: Plain pages OFF on input line 4196.
Package hyperref Info: Backreferencing OFF on input line 4201.
Package hyperref Info: Implicit mode ON; LaTeX internals redefined.
Package hyperref Info: Bookmarks ON on input line 4448.
\c@Hy@tempcnt=\count292

(C:\Program Files\MiKTeX\tex/latex/url\url.sty
\Urlmuskip=\muskip17
Package: url 2013/09/16  ver 3.4  Verb mode for urls, etc.
)
LaTeX Info: Redefining \url on input line 4786.
\XeTeXLinkMargin=\dimen156

(C:\Program Files\MiKTeX\tex/generic/bitset\bitset.sty
Package: bitset 2019/12/09 v1.3 Handle bit-vector datatype (HO)

(C:\Program Files\MiKTeX\tex/generic/bigintcalc\bigintcalc.sty
Package: bigintcalc 2019/12/15 v1.5 Expandable calculations on big integers (HO
)
))
\Fld@menulength=\count293
\Field@Width=\dimen157
\Fld@charsize=\dimen158
Package hyperref Info: Hyper figures OFF on input line 6065.
Package hyperref Info: Link nesting OFF on input line 6070.
Package hyperref Info: Hyper index ON on input line 6073.
Package hyperref Info: backreferencing OFF on input line 6080.
Package hyperref Info: Link coloring OFF on input line 6085.
Package hyperref Info: Link coloring with OCG OFF on input line 6090.
Package hyperref Info: PDF/A mode OFF on input line 6095.

(C:\Program Files\MiKTeX\tex/latex/base\atbegshi-ltx.sty
Package: atbegshi-ltx 2021/01/10 v1.0c Emulation of the original atbegshi
package with kernel methods
)
\Hy@abspage=\count294
\c@Item=\count295
\c@Hfootnote=\count296
)
Package hyperref Info: Driver (autodetected): hpdftex.

(C:\Program Files\MiKTeX\tex/latex/hyperref\hpdftex.def
File: hpdftex.def 2023-11-26 v7.01g Hyperref driver for pdfTeX

(C:\Program Files\MiKTeX\tex/latex/base\atveryend-ltx.sty
Package: atveryend-ltx 2020/08/19 v1.0a Emulation of the original atveryend pac
kage
with kernel methods
)
\Fld@listcount=\count297
\c@bookmark@seq@number=\count298

(C:\Program Files\MiKTeX\tex/latex/rerunfilecheck\rerunfilecheck.sty
Package: rerunfilecheck 2022-07-10 v1.10 Rerun checks for auxiliary files (HO)

(C:\Program Files\MiKTeX\tex/generic/uniquecounter\uniquecounter.sty
Package: uniquecounter 2019/12/15 v1.4 Provide unlimited unique counter (HO)
)
Package uniquecounter Info: New unique counter `rerunfilecheck' on input line 2
85.
)
\Hy@SectionHShift=\skip58
)
(C:\Program Files\MiKTeX\tex/latex/jknappen\mathrsfs.sty
Package: mathrsfs 1996/01/01 Math RSFS package v1.0 (jk)
\symrsfs=\mathgroup9
)
(C:\Program Files\MiKTeX\tex/latex/cjk/UTF8\UTF8.enc
File: UTF8.enc 2021/10/16 4.8.5
)
(C:\Program Files\MiKTeX\tex/latex/cjk/UTF8\UTF8.chr
File: UTF8.chr 2021/10/16 4.8.5
)
(E:/Programs\modeling\auxil\paper.aux)
\openout1 = `paper.aux'.

LaTeX Font Info:    Checking defaults for OML/cmm/m/it on input line 19.
LaTeX Font Info:    ... okay on input line 19.
LaTeX Font Info:    Checking defaults for OMS/cmsy/m/n on input line 19.
LaTeX Font Info:    ... okay on input line 19.
LaTeX Font Info:    Checking defaults for OT1/cmr/m/n on input line 19.
LaTeX Font Info:    ... okay on input line 19.
LaTeX Font Info:    Checking defaults for T1/cmr/m/n on input line 19.
LaTeX Font Info:    ... okay on input line 19.
LaTeX Font Info:    Checking defaults for TS1/cmr/m/n on input line 19.
LaTeX Font Info:    ... okay on input line 19.
LaTeX Font Info:    Checking defaults for OMX/cmex/m/n on input line 19.
LaTeX Font Info:    ... okay on input line 19.
LaTeX Font Info:    Checking defaults for U/cmr/m/n on input line 19.
LaTeX Font Info:    ... okay on input line 19.
LaTeX Font Info:    Checking defaults for C00/song/m/n on input line 19.
LaTeX Font Info:    ... okay on input line 19.
LaTeX Font Info:    Checking defaults for C05/song/m/n on input line 19.
LaTeX Font Info:    ... okay on input line 19.
LaTeX Font Info:    Checking defaults for C09/song/m/n on input line 19.
LaTeX Font Info:    ... okay on input line 19.
LaTeX Font Info:    Checking defaults for C10/song/m/n on input line 19.
LaTeX Font Info:    ... okay on input line 19.
LaTeX Font Info:    Checking defaults for C20/song/m/n on input line 19.
LaTeX Font Info:    ... okay on input line 19.
LaTeX Font Info:    Checking defaults for C19/song/m/n on input line 19.
LaTeX Font Info:    ... okay on input line 19.
LaTeX Font Info:    Checking defaults for C40/song/m/n on input line 19.
LaTeX Font Info:    ... okay on input line 19.
LaTeX Font Info:    Checking defaults for C42/song/m/n on input line 19.
LaTeX Font Info:    ... okay on input line 19.
LaTeX Font Info:    Checking defaults for C43/song/m/n on input line 19.
LaTeX Font Info:    ... okay on input line 19.
LaTeX Font Info:    Checking defaults for C50/song/m/n on input line 19.
LaTeX Font Info:    ... okay on input line 19.
LaTeX Font Info:    Checking defaults for C52/song/m/n on input line 19.
LaTeX Font Info:    ... okay on input line 19.
LaTeX Font Info:    Checking defaults for C49/song/m/n on input line 19.
LaTeX Font Info:    ... okay on input line 19.
LaTeX Font Info:    Checking defaults for C60/mj/m/n on input line 19.
LaTeX Font Info:    ... okay on input line 19.
LaTeX Font Info:    Checking defaults for C61/mj/m/n on input line 19.
LaTeX Font Info:    ... okay on input line 19.
LaTeX Font Info:    Checking defaults for C63/mj/m/n on input line 19.
LaTeX Font Info:    ... okay on input line 19.
LaTeX Font Info:    Checking defaults for C64/mj/m/n on input line 19.
LaTeX Font Info:    ... okay on input line 19.
LaTeX Font Info:    Checking defaults for C65/mj/m/n on input line 19.
LaTeX Font Info:    ... okay on input line 19.
LaTeX Font Info:    Checking defaults for C70/song/m/n on input line 19.
LaTeX Font Info:    ... okay on input line 19.
LaTeX Font Info:    Checking defaults for C31/song/m/n on input line 19.
LaTeX Font Info:    ... okay on input line 19.
LaTeX Font Info:    Checking defaults for C32/song/m/n on input line 19.
LaTeX Font Info:    ... okay on input line 19.
LaTeX Font Info:    Checking defaults for C33/song/m/n on input line 19.
LaTeX Font Info:    ... okay on input line 19.
LaTeX Font Info:    Checking defaults for C34/song/m/n on input line 19.
LaTeX Font Info:    ... okay on input line 19.
LaTeX Font Info:    Checking defaults for C35/song/m/n on input line 19.
LaTeX Font Info:    ... okay on input line 19.
LaTeX Font Info:    Checking defaults for C36/song/m/n on input line 19.
LaTeX Font Info:    ... okay on input line 19.
LaTeX Font Info:    Checking defaults for C37/song/m/n on input line 19.
LaTeX Font Info:    ... okay on input line 19.
LaTeX Font Info:    Checking defaults for C80/song/m/n on input line 19.
LaTeX Font Info:    ... okay on input line 19.
LaTeX Font Info:    Checking defaults for C81/song/m/n on input line 19.
LaTeX Font Info:    ... okay on input line 19.
LaTeX Font Info:    Checking defaults for C01/song/m/n on input line 19.
LaTeX Font Info:    ... okay on input line 19.
LaTeX Font Info:    Checking defaults for C11/song/m/n on input line 19.
LaTeX Font Info:    ... okay on input line 19.
LaTeX Font Info:    Checking defaults for C21/song/m/n on input line 19.
LaTeX Font Info:    ... okay on input line 19.
LaTeX Font Info:    Checking defaults for C41/song/m/n on input line 19.
LaTeX Font Info:    ... okay on input line 19.
LaTeX Font Info:    Checking defaults for C62/song/m/n on input line 19.
LaTeX Font Info:    ... okay on input line 19.
LaTeX Font Info:    Checking defaults for PD1/pdf/m/n on input line 19.
LaTeX Font Info:    ... okay on input line 19.
LaTeX Font Info:    Checking defaults for PU/pdf/m/n on input line 19.
LaTeX Font Info:    ... okay on input line 19.

(C:\Program Files\MiKTeX\tex/context/base/mkii\supp-pdf.mkii
[Loading MPS to PDF converter (version 2006.09.02).]
\scratchcounter=\count299
\scratchdimen=\dimen159
\scratchbox=\box56
\nofMPsegments=\count300
\nofMParguments=\count301
\everyMPshowfont=\toks31
\MPscratchCnt=\count302
\MPscratchDim=\dimen160
\MPnumerator=\count303
\makeMPintoPDFobject=\count304
\everyMPtoPDFconversion=\toks32
) (C:\Program Files\MiKTeX\tex/latex/epstopdf-pkg\epstopdf-base.sty
Package: epstopdf-base 2020-01-24 v2.11 Base part for package epstopdf
Package epstopdf-base Info: Redefining graphics rule for `.eps' on input line 4
85.

(C:\Program Files\MiKTeX\tex/latex/00miktex\epstopdf-sys.cfg
File: epstopdf-sys.cfg 2021/03/18 v2.0 Configuration of epstopdf for MiKTeX
))
Package hyperref Info: Link coloring OFF on input line 19.

(E:/Programs\modeling\auxil\paper.out) (E:/Programs\modeling\auxil\paper.out)
\@outlinefile=\write3
\openout3 = `paper.out'.

LaTeX Font Info:    Trying to load font information for C70+rm on input line 24
.

(C:\Program Files\MiKTeX\tex/latex/ctex/fd\c70rm.fd
File: c70rm.fd 2022/07/14 v2.5.10 Chinese font definition (CTEX)
)
(E:/Programs\modeling\auxil\paper.toc
LaTeX Font Info:    Trying to load font information for U+msa on input line 5.

(C:\Program Files\MiKTeX\tex/latex/amsfonts\umsa.fd
File: umsa.fd 2013/01/14 v3.01 AMS symbols A
)
LaTeX Font Info:    Trying to load font information for U+msb on input line 5.

(C:\Program Files\MiKTeX\tex/latex/amsfonts\umsb.fd
File: umsb.fd 2013/01/14 v3.01 AMS symbols B
)
LaTeX Font Info:    Trying to load font information for U+rsfs on input line 5.


(C:\Program Files\MiKTeX\tex/latex/jknappen\ursfs.fd
File: ursfs.fd 1998/03/24 rsfs font definition file (jk)
)
Package CJKpunct Info: use punctuation spaces for family 'rm' with punctstyle (
quanjiao) on input line 6.
)
\tf@toc=\write4
\openout4 = `paper.toc'.


(C:\Program Files\MiKTeX\tex/generic/ctex/zhmap\ctex-zhmap-windows.tex
File: ctex-zhmap-windows.tex 2022/07/14 v2.5.10 Windows font map loader for pdf
TeX and DVIPDFMx (CTEX)
{C:/Users/XN/AppData/Local/MiKTeX/fonts/map/pdftex/pdftex.map}{UGBK.sfd}{Unicod
e.sfd})
[1

]
Overfull \hbox (0.36998pt too wide) in paragraph at lines 34--35
[]\C70/rm/m/n/10.95/99 ñ \C70/rm/m/n/10.95/51 H|\C70/rm/m/n/10.95/ff ^^L| \C70/
rm/m/n/10.95/5b ˘ \C70/rm/m/n/10.95/67 e \C70/rm/m/n/10.95/81 Í\OT1/cmr/m/n/10.
95 PM2.5\C70/rm/m/n/10.95/52 ^^F \C70/rm/m/n/10.95/67 ê \C70/rm/m/n/10.95/7f Q 
\C70/rm/m/n/10.95/53   \C70/rm/m/n/10.95/4e ^^V \C70/rm/m/n/10.95/75 L \C70/rm/
m/n/10.95/59 ) \C70/rm/m/n/10.95/6c ^^T \C70/rm/m/n/10.95/7f Q \C70/rm/m/n/10.9
5/90 Ë \C70/rm/m/n/10.95/52 ^^F \C70/rm/m/n/10.95/65 p \C70/rm/m/n/10.95/63 n \
C70/rm/m/n/10.95/8f € \C70/rm/m/n/10.95/88 L \C70/rm/m/n/10.95/65 6 \C70/rm/m/n
/10.95/96 ∆ \C70/rm/m/n/10.95/65 t \C70/rm/m/n/10.95/74 ^^F|\C70/rm/m/n/10.95/3
0 ^^B|
 []


Underfull \hbox (badness 10000) in paragraph at lines 34--35

 []

[0] [1]
<./graph/CO/1.png, id=280, 462.528pt x 346.896pt>
File: ./graph/CO/1.png Graphic file (type png)
<use ./graph/CO/1.png>
Package pdftex.def Info: ./graph/CO/1.png  used on input line 96.
(pdftex.def)             Requested size: 128.70071pt x 96.52678pt.
<./graph/CO/2.png, id=282, 462.528pt x 346.896pt>
File: ./graph/CO/2.png Graphic file (type png)
<use ./graph/CO/2.png>
Package pdftex.def Info: ./graph/CO/2.png  used on input line 97.
(pdftex.def)             Requested size: 128.70071pt x 96.52678pt.
<./graph/CO/3.png, id=283, 462.528pt x 346.896pt>
File: ./graph/CO/3.png Graphic file (type png)
<use ./graph/CO/3.png>
Package pdftex.def Info: ./graph/CO/3.png  used on input line 98.
(pdftex.def)             Requested size: 128.70071pt x 96.52678pt.
<./graph/SO2/1.png, id=284, 462.528pt x 346.896pt>
File: ./graph/SO2/1.png Graphic file (type png)
<use ./graph/SO2/1.png>
Package pdftex.def Info: ./graph/SO2/1.png  used on input line 99.
(pdftex.def)             Requested size: 128.70071pt x 96.52678pt.
<./graph/SO2/2.png, id=285, 462.528pt x 346.896pt>
File: ./graph/SO2/2.png Graphic file (type png)
<use ./graph/SO2/2.png>
Package pdftex.def Info: ./graph/SO2/2.png  used on input line 100.
(pdftex.def)             Requested size: 128.70071pt x 96.52678pt.
<./graph/SO2/3.png, id=286, 462.528pt x 346.896pt>
File: ./graph/SO2/3.png Graphic file (type png)
<use ./graph/SO2/3.png>
Package pdftex.def Info: ./graph/SO2/3.png  used on input line 101.
(pdftex.def)             Requested size: 128.70071pt x 96.52678pt.
<./graph/O3/1.png, id=287, 462.528pt x 346.896pt>
File: ./graph/O3/1.png Graphic file (type png)
<use ./graph/O3/1.png>
Package pdftex.def Info: ./graph/O3/1.png  used on input line 102.
(pdftex.def)             Requested size: 128.70071pt x 96.52678pt.
<./graph/O3/2.png, id=288, 462.528pt x 346.896pt>
File: ./graph/O3/2.png Graphic file (type png)
<use ./graph/O3/2.png>
Package pdftex.def Info: ./graph/O3/2.png  used on input line 103.
(pdftex.def)             Requested size: 128.70071pt x 96.52678pt.
<./graph/O3/3.png, id=289, 462.528pt x 346.896pt>
File: ./graph/O3/3.png Graphic file (type png)
<use ./graph/O3/3.png>
Package pdftex.def Info: ./graph/O3/3.png  used on input line 104.
(pdftex.def)             Requested size: 128.70071pt x 96.52678pt.
<./graph/T/1.png, id=290, 462.528pt x 346.896pt>
File: ./graph/T/1.png Graphic file (type png)
<use ./graph/T/1.png>
Package pdftex.def Info: ./graph/T/1.png  used on input line 105.
(pdftex.def)             Requested size: 128.70071pt x 96.52678pt.
<./graph/T/2.png, id=291, 462.528pt x 346.896pt>
File: ./graph/T/2.png Graphic file (type png)
<use ./graph/T/2.png>
Package pdftex.def Info: ./graph/T/2.png  used on input line 106.
(pdftex.def)             Requested size: 128.70071pt x 96.52678pt.
<./graph/T/3.png, id=292, 462.528pt x 346.896pt>
File: ./graph/T/3.png Graphic file (type png)
<use ./graph/T/3.png>
Package pdftex.def Info: ./graph/T/3.png  used on input line 107.
(pdftex.def)             Requested size: 128.70071pt x 96.52678pt.
<./graph/P/1.png, id=293, 462.528pt x 346.896pt>
File: ./graph/P/1.png Graphic file (type png)
<use ./graph/P/1.png>
Package pdftex.def Info: ./graph/P/1.png  used on input line 108.
(pdftex.def)             Requested size: 128.70071pt x 96.52678pt.
<./graph/P/2.png, id=294, 462.528pt x 346.896pt>
File: ./graph/P/2.png Graphic file (type png)
<use ./graph/P/2.png>
Package pdftex.def Info: ./graph/P/2.png  used on input line 109.
(pdftex.def)             Requested size: 128.70071pt x 96.52678pt.
<./graph/P/3.png, id=295, 462.528pt x 346.896pt>
File: ./graph/P/3.png Graphic file (type png)
<use ./graph/P/3.png>
Package pdftex.def Info: ./graph/P/3.png  used on input line 110.
(pdftex.def)             Requested size: 128.70071pt x 96.52678pt.
<./graph/U/1.png, id=296, 462.528pt x 346.896pt>
File: ./graph/U/1.png Graphic file (type png)
<use ./graph/U/1.png>
Package pdftex.def Info: ./graph/U/1.png  used on input line 111.
(pdftex.def)             Requested size: 128.70071pt x 96.52678pt.
<./graph/U/2.png, id=297, 462.528pt x 346.896pt>
File: ./graph/U/2.png Graphic file (type png)
<use ./graph/U/2.png>
Package pdftex.def Info: ./graph/U/2.png  used on input line 112.
(pdftex.def)             Requested size: 128.70071pt x 96.52678pt.
<./graph/U/3.png, id=298, 462.528pt x 346.896pt>
File: ./graph/U/3.png Graphic file (type png)
<use ./graph/U/3.png>
Package pdftex.def Info: ./graph/U/3.png  used on input line 113.
(pdftex.def)             Requested size: 128.70071pt x 96.52678pt.
<./graph/Ff/1.png, id=299, 462.528pt x 346.896pt>
File: ./graph/Ff/1.png Graphic file (type png)
<use ./graph/Ff/1.png>
Package pdftex.def Info: ./graph/Ff/1.png  used on input line 114.
(pdftex.def)             Requested size: 128.70071pt x 96.52678pt.
<./graph/Ff/2.png, id=300, 462.528pt x 346.896pt>
File: ./graph/Ff/2.png Graphic file (type png)
<use ./graph/Ff/2.png>
Package pdftex.def Info: ./graph/Ff/2.png  used on input line 115.
(pdftex.def)             Requested size: 128.70071pt x 96.52678pt.
<./graph/Ff/3.png, id=301, 462.528pt x 346.896pt>
File: ./graph/Ff/3.png Graphic file (type png)
<use ./graph/Ff/3.png>
Package pdftex.def Info: ./graph/Ff/3.png  used on input line 116.
(pdftex.def)             Requested size: 128.70071pt x 96.52678pt.
<./graph/RRR/1.png, id=302, 462.528pt x 346.896pt>
File: ./graph/RRR/1.png Graphic file (type png)
<use ./graph/RRR/1.png>
Package pdftex.def Info: ./graph/RRR/1.png  used on input line 117.
(pdftex.def)             Requested size: 128.70071pt x 96.52678pt.
<./graph/RRR/2.png, id=303, 462.528pt x 346.896pt>
File: ./graph/RRR/2.png Graphic file (type png)
<use ./graph/RRR/2.png>
Package pdftex.def Info: ./graph/RRR/2.png  used on input line 118.
(pdftex.def)             Requested size: 128.70071pt x 96.52678pt.
<./graph/RRR/3.png, id=304, 462.528pt x 346.896pt>
File: ./graph/RRR/3.png Graphic file (type png)
<use ./graph/RRR/3.png>
Package pdftex.def Info: ./graph/RRR/3.png  used on input line 119.
(pdftex.def)             Requested size: 128.70071pt x 96.52678pt.

Overfull \hbox (25.32431pt too wide) in paragraph at lines 96--120
[][] [] []
 []


Overfull \hbox (1.32431pt too wide) in paragraph at lines 96--120
[] [] []
 []


Overfull \hbox (1.32431pt too wide) in paragraph at lines 96--120
[] [] []
 []


Overfull \hbox (1.32431pt too wide) in paragraph at lines 96--120
[] [] []
 []


Overfull \hbox (1.32431pt too wide) in paragraph at lines 96--120
[] [] []
 []


Overfull \hbox (1.32431pt too wide) in paragraph at lines 96--120
[] [] []
 []


Overfull \hbox (1.32431pt too wide) in paragraph at lines 96--120
[] [] []
 []


Overfull \hbox (1.32431pt too wide) in paragraph at lines 96--120
[] [] [] 
 []

[2 <./graph/CO/1.png> <./graph/CO/2.png> <./graph/CO/3.png>] [3 <./graph/SO2/1.
png> <./graph/SO2/2.png> <./graph/SO2/3.png> <./graph/O3/1.png> <./graph/O3/2.p
ng> <./graph/O3/3.png> <./graph/T/1.png> <./graph/T/2.png> <./graph/T/3.png> <.
/graph/P/1.png> <./graph/P/2.png> <./graph/P/3.png> <./graph/U/1.png> <./graph/
U/2.png> <./graph/U/3.png> <./graph/Ff/1.png> <./graph/Ff/2.png> <./graph/Ff/3.
png>]
Overfull \hbox (27.05998pt too wide) in paragraph at lines 121--122
[]\C70/rm/m/n/12/75 1 \C70/rm/m/n/12/56 ˛ \C70/rm/m/n/12/53 Ô \C70/rm/m/n/12/5f
 ó|\C70/rm/m/n/12/ff ^^L| \C70/rm/m/n/12/63 ^^G \C70/rm/m/n/12/68 ^^G \C70/rm/m
/n/12/4e ^^N\OT1/cmr/m/n/12 P|\C70/rm/m/n/12/30 ^^A| \OT1/cmr/m/n/12 CO\C70/rm/
m/n/12/54 H \C70/rm/m/n/12/7e ø \C70/rm/m/n/12/60 ' \C70/rm/m/n/12/6b c \C70/rm
/m/n/12/76 ¯ \C70/rm/m/n/12/51 s|\C70/rm/m/n/12/ff ^^L| \C70/rm/m/n/12/4e ^^N\O
T1/cmr/m/n/12 T|\C70/rm/m/n/12/30 ^^A| \OT1/cmr/m/n/12 O3\C70/rm/m/n/12/54 H \C
70/rm/m/n/12/7e ø \C70/rm/m/n/12/60 ' \C70/rm/m/n/12/8d ^^_ \C70/rm/m/n/12/76 ¯
 \C70/rm/m/n/12/51 s|\C70/rm/m/n/12/ff ^^L| \C70/rm/m/n/12/4e ^^N\OT1/cmr/m/n/1
2 RRR\C70/rm/m/n/12/54 H
 []

<graph/PM25t/1.png, id=348, 462.528pt x 346.896pt>
File: graph/PM25t/1.png Graphic file (type png)
<use graph/PM25t/1.png>
Package pdftex.def Info: graph/PM25t/1.png  used on input line 128.
(pdftex.def)             Requested size: 128.70071pt x 96.52678pt.
<graph/PM25t/2.png, id=349, 462.528pt x 346.896pt>
File: graph/PM25t/2.png Graphic file (type png)
<use graph/PM25t/2.png>
Package pdftex.def Info: graph/PM25t/2.png  used on input line 129.
(pdftex.def)             Requested size: 128.70071pt x 96.52678pt.
<graph/PM25t/3.png, id=350, 462.528pt x 346.896pt>
File: graph/PM25t/3.png Graphic file (type png)
<use graph/PM25t/3.png>
Package pdftex.def Info: graph/PM25t/3.png  used on input line 130.
(pdftex.def)             Requested size: 128.70071pt x 96.52678pt.

Overfull \hbox (25.32431pt too wide) in paragraph at lines 128--131
[][] [] [] 
 []


Overfull \hbox (52.69656pt too wide) detected at line 135
\OML/cmm/m/it/12 PM\OT1/cmr/m/n/12 25 = 55\OML/cmm/m/it/12 :\OT1/cmr/m/n/12 869
5 \OML/cmm/m/it/12 CO \OT1/cmr/m/n/12 + 0\OML/cmm/m/it/12 :\OT1/cmr/m/n/12 1105
 \OML/cmm/m/it/12 O\OT1/cmr/m/n/12 3 \OMS/cmsy/m/n/12 ^^@ \OT1/cmr/m/n/12 1\OML
/cmm/m/it/12 :\OT1/cmr/m/n/12 1326 \OML/cmm/m/it/12 T \OT1/cmr/m/n/12 + 0\OML/c
mm/m/it/12 :\OT1/cmr/m/n/12 0210 \OML/cmm/m/it/12 P \OMS/cmsy/m/n/12 ^^@ \OT1/c
mr/m/n/12 0\OML/cmm/m/it/12 :\OT1/cmr/m/n/12 1609 \OML/cmm/m/it/12 t \OMS/cmsy/
m/n/12 ^^@ \OT1/cmr/m/n/12 0\OML/cmm/m/it/12 :\OT1/cmr/m/n/12 6618  [] []\OML/c
mm/m/it/12 t \OT1/cmr/m/n/12 + 4\OML/cmm/m/it/12 :\OT1/cmr/m/n/12 3032
 []


Overfull \hbox (13.59886pt too wide) in paragraph at lines 138--139
[]\C70/rm/m/n/12/5e î \C70/rm/m/n/12/75 ( Y \C70/rm/m/n/12/51 ˙ \C70/rm/m/n/12/
6c ’ \C70/rm/m/n/12/8b ƒ \C70/rm/m/n/12/4e ˜|\C70/rm/m/n/12/ff ^^L| \C70/rm/m/n
/12/5c ^^F\OT1/cmr/m/n/12 2013\C70/rm/m/n/12/5e t\OT1/cmr/m/n/12 12\C70/rm/m/n/
12/67 ^^H \C70/rm/m/n/12/52 0\OT1/cmr/m/n/12 2023\C70/rm/m/n/12/5e t\OT1/cmr/m/
n/12 12\C70/rm/m/n/12/67 ^^H \C70/rm/m/n/12/65 p \C70/rm/m/n/12/63 n \C70/rm/m/
n/12/4f \ \C70/rm/m/n/12/4e : \C70/rm/m/n/12/8b ≠ \C70/rm/m/n/12/7e √ \C70/rm/m
/n/12/96 ∆|\C70/rm/m/n/12/ff ^^L| \C70/rm/m/n/12/5c ^^F\OT1/cmr/m/n/12 2024\C70
/rm/m/n/12/5e t
 []

[4 <./graph/RRR/1.png> <./graph/RRR/2.png> <./graph/RRR/3.png> <./graph/PM25t/1
.png> <./graph/PM25t/2.png> <./graph/PM25t/3.png>]
<./graph/predict.png, id=364, 462.528pt x 346.896pt>
File: ./graph/predict.png Graphic file (type png)
<use ./graph/predict.png>
Package pdftex.def Info: ./graph/predict.png  used on input line 140.
(pdftex.def)             Requested size: 390.0pt x 292.5128pt.

Overfull \hbox (24.0pt too wide) in paragraph at lines 140--141
[][] 
 []

<./graph/PM25t/b.png, id=365, 462.528pt x 346.896pt>
File: ./graph/PM25t/b.png Graphic file (type png)
<use ./graph/PM25t/b.png>
Package pdftex.def Info: ./graph/PM25t/b.png  used on input line 148.
(pdftex.def)             Requested size: 195.0pt x 146.2511pt.
<./graph/PM25t/s.png, id=366, 462.528pt x 346.896pt>
File: ./graph/PM25t/s.png Graphic file (type png)
<use ./graph/PM25t/s.png>
Package pdftex.def Info: ./graph/PM25t/s.png  used on input line 149.
(pdftex.def)             Requested size: 195.0pt x 146.2511pt.
<./graph/PM25t/c.png, id=367, 462.528pt x 346.896pt>
File: ./graph/PM25t/c.png Graphic file (type png)
<use ./graph/PM25t/c.png>
Package pdftex.def Info: ./graph/PM25t/c.png  used on input line 150.
(pdftex.def)             Requested size: 195.0pt x 146.2511pt.
<./graph/PM25t/1.png, id=368, 462.528pt x 346.896pt>
File: ./graph/PM25t/1.png Graphic file (type png)
<use ./graph/PM25t/1.png>
Package pdftex.def Info: ./graph/PM25t/1.png  used on input line 151.
(pdftex.def)             Requested size: 195.0pt x 146.2511pt.

Overfull \hbox (26.61108pt too wide) in paragraph at lines 148--152
[][] []
 []


Overfull \hbox (2.61108pt too wide) in paragraph at lines 148--152
[] [] 
 []

[5 <./graph/predict.png>] [6 <./graph/PM25t/b.png> <./graph/PM25t/s.png> <./gra
ph/PM25t/c.png> <./graph/PM25t/1.png>] [7]
Underfull \hbox (badness 10000) in paragraph at lines 182--183
[]\C70/rm/m/n/12/67 1 \C70/rm/m/n/12/73 ≤ Õ\OT1/cmr/m/n/12 .\C70/rm/m/n/12/5c q
 \C70/rm/m/n/12/4e ^^\ \C70/rm/m/n/12/5d Â \C70/rm/m/n/12/4e ^^Z \C70/rm/m/n/12
/9a ÿ \C70/rm/m/n/12/8d ( \C70/rm/m/n/12/91 œ \C70/rm/m/n/12/53 — \C70/rm/m/n/1
2/5c U \C70/rm/m/n/12/54 H \C70/rm/m/n/12/4e î \C70/rm/m/n/12/59 ' \C70/rm/m/n/
12/72 y \C70/rm/m/n/12/70 π\OT1/cmr/m/n/12 .\C70/rm/m/n/12/75 5 \C70/rm/m/n/12/
5b P \C70/rm/m/n/12/4f · \C70/rm/m/n/12/60 o \C70/rm/m/n/12/4e ß ^^Z \C70/rm/m/
n/12/7f Q
 []

[8]
Overfull \hbox (39.49588pt too wide) in paragraph at lines 194--195
[]\C70/rm/m/n/12/95 Ó \C70/rm/m/n/12/98 ò |\C70/rm/m/n/12/ff ^^H|\OT1/cmr/m/n/1
2 2|\C70/rm/m/n/12/ff 	| \C70/rm/m/n/12/7a  \C70/rm/m/n/12/5e è \C70/rm/m/n/12
/53   \C70/rm/m/n/12/7e ” \C70/rm/m/n/12/67 ú |\C70/rm/m/n/12/ff ^^H|\OT1/cmr/m
/n/12 python|\C70/rm/m/n/12/ff 	||^^H|\OT1/cmr/m/n/12 ploting[]PM25[]time.py|\C
70/rm/m/n/12/30 ^^A| \OT1/cmr/m/n/12 linear[]regression.py|\C70/rm/m/n/12/30 ^^
A|
 []

[9] (E:/Programs\modeling\auxil\paper.aux)
 ***********
LaTeX2e <2023-11-01> patch level 1
L3 programming layer <2022/07/14>
 ***********
Package rerunfilecheck Info: File `paper.out' has not changed.
(rerunfilecheck)             Checksum: F10324D67199783C098B6B5E0228BB73;1887.
 ) 
Here is how much of TeX's memory you used:
 15739 strings out of 474485
 268883 string characters out of 5753558
 1941542 words of memory out of 5000000
 37330 multiletter control sequences out of 15000+600000
 650507 words of font info for 376 fonts, out of 8000000 for 9000
 1141 hyphenation exceptions out of 8191
 80i,6n,83p,773b,471s stack positions out of 10000i,1000n,20000p,200000b,200000s
<C:/WINDOWS/Fonts/simsun.ttc><C:/WINDOWS/Fonts/simsun.ttc><C:/WINDOWS/Fonts/s
imhei.ttf><C:/WINDOWS/Fonts/simsun.ttc><C:/WINDOWS/Fonts/simsun.ttc><C:/WINDOWS
/Fonts/simsun.ttc><C:/WINDOWS/Fonts/simsun.ttc><C:/WINDOWS/Fonts/simsun.ttc><C:
/WINDOWS/Fonts/simhei.ttf><C:/WINDOWS/Fonts/simhei.ttf><C:/WINDOWS/Fonts/simhei
.ttf><C:/WINDOWS/Fonts/simsun.ttc><C:/WINDOWS/Fonts/simsun.ttc><C:/WINDOWS/Font
s/simsun.ttc><C:/WINDOWS/Fonts/simhei.ttf><C:/WINDOWS/Fonts/simhei.ttf><C:/WIND
OWS/Fonts/simhei.ttf><C:/WINDOWS/Fonts/simsun.ttc><C:/WINDOWS/Fonts/simsun.ttc>
<C:/WINDOWS/Fonts/simsun.ttc><C:/WINDOWS/Fonts/simsun.ttc><C:/WINDOWS/Fonts/sim
sun.ttc><C:/WINDOWS/Fonts/simhei.ttf><C:/WINDOWS/Fonts/simhei.ttf><C:/WINDOWS/F
onts/simsun.ttc><C:/WINDOWS/Fonts/simsun.ttc><C:/WINDOWS/Fonts/simsun.ttc><C:/W
INDOWS/Fonts/simsun.ttc><C:/WINDOWS/Fonts/simsun.ttc><C:/WINDOWS/Fonts/simsun.t
tc><C:/WINDOWS/Fonts/simsun.ttc> <C:\Users\XN\AppData\Local\MiKTeX\fonts/pk/ljf
our/jknappen/ec/dpi600\tcrm1200.pk><C:/WINDOWS/Fonts/simsun.ttc><C:/WINDOWS/Fon
ts/simsun.ttc><C:/WINDOWS/Fonts/simsun.ttc><C:/WINDOWS/Fonts/simsun.ttc><C:/WIN
DOWS/Fonts/simsun.ttc><C:/WINDOWS/Fonts/simsun.ttc><C:/WINDOWS/Fonts/simsun.ttc
><C:/WINDOWS/Fonts/simsun.ttc><C:/WINDOWS/Fonts/simsun.ttc><C:/WINDOWS/Fonts/si
msun.ttc><C:/WINDOWS/Fonts/simsun.ttc><C:/WINDOWS/Fonts/simsun.ttc><C:/WINDOWS/
Fonts/simsun.ttc><C:/WINDOWS/Fonts/simhei.ttf><C:/WINDOWS/Fonts/simsun.ttc><C:/
WINDOWS/Fonts/simsun.ttc><C:/WINDOWS/Fonts/simsun.ttc><C:/WINDOWS/Fonts/simsun.
ttc><C:/WINDOWS/Fonts/simhei.ttf><C:/WINDOWS/Fonts/simhei.ttf><C:/WINDOWS/Fonts
/simsun.ttc><C:/WINDOWS/Fonts/simsun.ttc><C:/WINDOWS/Fonts/simhei.ttf><C:/WINDO
WS/Fonts/simhei.ttf><C:/WINDOWS/Fonts/simsun.ttc><C:/WINDOWS/Fonts/simsun.ttc><
C:/WINDOWS/Fonts/simsun.ttc><C:/WINDOWS/Fonts/simsun.ttc><C:/WINDOWS/Fonts/sims
un.ttc><C:/WINDOWS/Fonts/simsun.ttc><C:/WINDOWS/Fonts/simsun.ttc><C:/WINDOWS/Fo
nts/simsun.ttc><C:/WINDOWS/Fonts/simsun.ttc><C:/WINDOWS/Fonts/simsun.ttc><C:/WI
NDOWS/Fonts/simsun.ttc><C:/WINDOWS/Fonts/simhei.ttf><C:/WINDOWS/Fonts/simsun.tt
c><C:/WINDOWS/Fonts/simsun.ttc><C:/WINDOWS/Fonts/simsun.ttc><C:/WINDOWS/Fonts/s
imhei.ttf><C:/WINDOWS/Fonts/simhei.ttf><C:/WINDOWS/Fonts/simsun.ttc><C:/WINDOWS
/Fonts/simsun.ttc><C:/WINDOWS/Fonts/simsun.ttc><C:/WINDOWS/Fonts/simsun.ttc><C:
/WINDOWS/Fonts/simhei.ttf><C:/WINDOWS/Fonts/simhei.ttf><C:/WINDOWS/Fonts/simhei
.ttf><C:/WINDOWS/Fonts/simhei.ttf><C:/WINDOWS/Fonts/simhei.ttf><C:/WINDOWS/Font
s/simhei.ttf><C:/WINDOWS/Fonts/simhei.ttf><C:/WINDOWS/Fonts/simhei.ttf><C:/WIND
OWS/Fonts/simhei.ttf><C:/WINDOWS/Fonts/simhei.ttf><C:/WINDOWS/Fonts/simhei.ttf>
<C:/WINDOWS/Fonts/simsun.ttc><C:/WINDOWS/Fonts/simsun.ttc><C:/WINDOWS/Fonts/sim
sun.ttc><C:/WINDOWS/Fonts/simhei.ttf><C:/WINDOWS/Fonts/simsun.ttc><C:/WINDOWS/F
onts/simsun.ttc><C:/WINDOWS/Fonts/simsun.ttc><C:/WINDOWS/Fonts/simsun.ttc><C:/W
INDOWS/Fonts/simsun.ttc><C:/WINDOWS/Fonts/simsun.ttc><C:/WINDOWS/Fonts/simsun.t
tc><C:/WINDOWS/Fonts/simsun.ttc><C:/WINDOWS/Fonts/simsun.ttc><C:/WINDOWS/Fonts/
simsun.ttc><C:/WINDOWS/Fonts/simsun.ttc><C:/WINDOWS/Fonts/simsun.ttc><C:/WINDOW
S/Fonts/simsun.ttc><C:/WINDOWS/Fonts/simsun.ttc><C:/WINDOWS/Fonts/simsun.ttc><C
:/WINDOWS/Fonts/simsun.ttc><C:/WINDOWS/Fonts/simsun.ttc><C:/WINDOWS/Fonts/simsu
n.ttc><C:/WINDOWS/Fonts/simsun.ttc><C:/WINDOWS/Fonts/simsun.ttc><C:/WINDOWS/Fon
ts/simsun.ttc><C:/WINDOWS/Fonts/simsun.ttc><C:/WINDOWS/Fonts/simsun.ttc><C:/WIN
DOWS/Fonts/simsun.ttc><C:/WINDOWS/Fonts/simsun.ttc><C:/WINDOWS/Fonts/simsun.ttc
><C:/WINDOWS/Fonts/simsun.ttc><C:/WINDOWS/Fonts/simsun.ttc><C:/WINDOWS/Fonts/si
msun.ttc><C:/WINDOWS/Fonts/simsun.ttc><C:/WINDOWS/Fonts/simsun.ttc><C:/WINDOWS/
Fonts/simhei.ttf><C:/WINDOWS/Fonts/simhei.ttf><C:/WINDOWS/Fonts/simhei.ttf><C:/
WINDOWS/Fonts/simhei.ttf><C:/WINDOWS/Fonts/simhei.ttf><C:/WINDOWS/Fonts/simhei.
ttf><C:/WINDOWS/Fonts/simhei.ttf><C:/WINDOWS/Fonts/simhei.ttf><C:/WINDOWS/Fonts
/simhei.ttf><C:/WINDOWS/Fonts/simhei.ttf><C:/WINDOWS/Fonts/simhei.ttf><C:/WINDO
WS/Fonts/simhei.ttf><C:/WINDOWS/Fonts/simhei.ttf><C:/WINDOWS/Fonts/simhei.ttf><
C:/WINDOWS/Fonts/simhei.ttf><C:/WINDOWS/Fonts/simhei.ttf><C:/WINDOWS/Fonts/simh
ei.ttf><C:/WINDOWS/Fonts/simhei.ttf><C:/WINDOWS/Fonts/simhei.ttf><C:/Program Fi
les/MiKTeX/fonts/type1/public/amsfonts/cm/cmbx10.pfb><C:/Program Files/MiKTeX/f
onts/type1/public/amsfonts/cm/cmbx12.pfb><C:/Program Files/MiKTeX/fonts/type1/p
ublic/amsfonts/cm/cmmi12.pfb><C:/Program Files/MiKTeX/fonts/type1/public/amsfon
ts/cm/cmr10.pfb><C:/Program Files/MiKTeX/fonts/type1/public/amsfonts/cm/cmr12.p
fb><C:/Program Files/MiKTeX/fonts/type1/public/amsfonts/cm/cmr8.pfb><C:/Program
 Files/MiKTeX/fonts/type1/public/amsfonts/cm/cmsl12.pfb><C:/Program Files/MiKTe
X/fonts/type1/public/amsfonts/cm/cmsy10.pfb><C:/Program Files/MiKTeX/fonts/type
1/public/amsfonts/cm/cmsy8.pfb>
Output written on E:/Programs\modeling\out\paper.pdf (11 pages, 1460450 bytes).

PDF statistics:
 893 PDF objects out of 1000 (max. 8388607)
 34 named destinations out of 1000 (max. 500000)
 565 words of extra memory for PDF output out of 10000 (max. 10000000)

